<?xml version="1.0" encoding="UTF-8"?>
<!-- Generated by org.testng.reporters.JUnitReportReporter -->
<testsuite hostname="LAPTOP-KJNJR68V" failures="0" tests="3" name="module1.tests.standalonetest" time="13.596" errors="0" timestamp="2023-10-30T15:04:45 IST" skipped="0">
  <testcase classname="module1.tests.standalonetest" name="submitOrder" time="5.016"/>
  <testcase classname="module1.tests.standalonetest" name="submitOrder" time="5.173"/>
  <testcase classname="module1.tests.standalonetest" name="verifyProductOnOrdersPage" time="3.407"/>
</testsuite> <!-- module1.tests.standalonetest -->
