<?xml version="1.0" encoding="UTF-8"?>
<!-- Generated by org.testng.reporters.JUnitReportReporter -->
<testsuite hostname="LAPTOP-KJNJR68V" failures="0" tests="3" name="module1.tests.standalonetest" time="21.732" errors="0" timestamp="2023-10-29T11:36:55 IST" skipped="0">
  <testcase classname="module1.tests.standalonetest" name="submitOrder" time="9.588"/>
  <testcase classname="module1.tests.standalonetest" name="submitOrder" time="8.910"/>
  <testcase classname="module1.tests.standalonetest" name="verifyProductOnOrdersPage" time="3.234"/>
</testsuite> <!-- module1.tests.standalonetest -->
