<?xml version="1.0" encoding="UTF-8"?>
<!-- Generated by org.testng.reporters.JUnitReportReporter -->
<testsuite hostname="LAPTOP-KJNJR68V" failures="0" tests="1" name="module1.tests.errorValidationTest" time="1.767" errors="0" timestamp="2023-10-30T16:58:07 IST" skipped="0">
  <testcase classname="module1.tests.errorValidationTest" name="errorvalidation" time="1.767"/>
</testsuite> <!-- module1.tests.errorValidationTest -->
