<?xml version="1.0" encoding="UTF-8"?>
<!-- Generated by org.testng.reporters.JUnitReportReporter -->
<testsuite hostname="LAPTOP-KJNJR68V" failures="0" tests="3" name="module1.tests.standalonetest" time="14.770" errors="0" timestamp="2023-10-30T16:58:07 IST" skipped="0">
  <testcase classname="module1.tests.standalonetest" name="verifyProductOnOrdersPage" time="2.829"/>
  <testcase classname="module1.tests.standalonetest" name="submitOrder" time="6.962"/>
  <testcase classname="module1.tests.standalonetest" name="submitOrder" time="4.979"/>
</testsuite> <!-- module1.tests.standalonetest -->
